{"name":"hexo","hostname":"localhost.localdomain","pid":3582,"level":20,"msg":"Writing database to /home/blog/db.json","time":"2019-01-11T07:35:16.904Z","v":0}
{"name":"hexo","hostname":"localhost.localdomain","pid":3582,"level":20,"msg":"Hexo version: \u001b[35m3.8.0\u001b[39m","time":"2019-01-11T07:35:16.933Z","v":0}
{"name":"hexo","hostname":"localhost.localdomain","pid":3582,"level":20,"msg":"Working directory: \u001b[35m/home/blog/\u001b[39m","time":"2019-01-11T07:35:16.933Z","v":0}
{"name":"hexo","hostname":"localhost.localdomain","pid":3582,"level":20,"msg":"Config loaded: \u001b[35m/home/blog/_config.yml\u001b[39m","time":"2019-01-11T07:35:17.047Z","v":0}
{"name":"hexo","hostname":"localhost.localdomain","pid":3582,"level":20,"msg":"Plugin loaded: \u001b[35mhexo-generator-archive\u001b[39m","time":"2019-01-11T07:35:17.076Z","v":0}
{"name":"hexo","hostname":"localhost.localdomain","pid":3582,"level":20,"msg":"Plugin loaded: \u001b[35mhexo-generator-category\u001b[39m","time":"2019-01-11T07:35:17.078Z","v":0}
{"name":"hexo","hostname":"localhost.localdomain","pid":3582,"level":20,"msg":"Plugin loaded: \u001b[35mhexo-generator-index\u001b[39m","time":"2019-01-11T07:35:17.080Z","v":0}
{"name":"hexo","hostname":"localhost.localdomain","pid":3582,"level":20,"msg":"Plugin loaded: \u001b[35mhexo-generator-tag\u001b[39m","time":"2019-01-11T07:35:17.080Z","v":0}
{"name":"hexo","hostname":"localhost.localdomain","pid":3582,"level":20,"msg":"Plugin loaded: \u001b[35mhexo-renderer-ejs\u001b[39m","time":"2019-01-11T07:35:17.085Z","v":0}
{"name":"hexo","hostname":"localhost.localdomain","pid":3582,"level":20,"msg":"Plugin loaded: \u001b[35mhexo-renderer-stylus\u001b[39m","time":"2019-01-11T07:35:17.086Z","v":0}
{"name":"hexo","hostname":"localhost.localdomain","pid":3582,"level":20,"msg":"Plugin loaded: \u001b[35mhexo-server\u001b[39m","time":"2019-01-11T07:35:17.175Z","v":0}
{"name":"hexo","hostname":"localhost.localdomain","pid":3582,"level":20,"msg":"Loading database.","time":"2019-01-11T07:35:17.188Z","v":0}
{"name":"hexo","hostname":"localhost.localdomain","pid":3582,"level":30,"msg":"Start processing","time":"2019-01-11T07:35:17.260Z","v":0}
{"name":"hexo","hostname":"localhost.localdomain","pid":3582,"level":20,"msg":"Processed: \u001b[35m404.md\u001b[39m","time":"2019-01-11T07:35:17.345Z","v":0}
{"name":"hexo","hostname":"localhost.localdomain","pid":3582,"level":20,"msg":"Processed: \u001b[35mCNAME\u001b[39m","time":"2019-01-11T07:35:17.345Z","v":0}
{"name":"hexo","hostname":"localhost.localdomain","pid":3582,"level":20,"msg":"Processed: \u001b[35m_posts/hello-world.md\u001b[39m","time":"2019-01-11T07:35:17.373Z","v":0}
{"name":"hexo","hostname":"localhost.localdomain","pid":3582,"level":20,"msg":"Processed: \u001b[35m_posts/hexo-theme-beantech.md\u001b[39m","time":"2019-01-11T07:35:17.373Z","v":0}
{"name":"hexo","hostname":"localhost.localdomain","pid":3582,"level":20,"msg":"Processed: \u001b[35mabout/index.md\u001b[39m","time":"2019-01-11T07:35:17.373Z","v":0}
{"name":"hexo","hostname":"localhost.localdomain","pid":3582,"level":20,"msg":"Processed: \u001b[35marchive/index.md\u001b[39m","time":"2019-01-11T07:35:17.374Z","v":0}
{"name":"hexo","hostname":"localhost.localdomain","pid":3582,"level":20,"msg":"Processed: \u001b[35mimg/icon_wechat.png\u001b[39m","time":"2019-01-11T07:35:17.374Z","v":0}
{"name":"hexo","hostname":"localhost.localdomain","pid":3582,"level":20,"msg":"Processed: \u001b[35mtags/index.md\u001b[39m","time":"2019-01-11T07:35:17.374Z","v":0}
{"name":"hexo","hostname":"localhost.localdomain","pid":3582,"level":20,"msg":"Processed: \u001b[35mimg/404-bg.jpg\u001b[39m","time":"2019-01-11T07:35:17.415Z","v":0}
{"name":"hexo","hostname":"localhost.localdomain","pid":3582,"level":20,"msg":"Processed: \u001b[35msource/css/archive.styl\u001b[39m","time":"2019-01-11T07:35:17.439Z","v":0}
{"name":"hexo","hostname":"localhost.localdomain","pid":3582,"level":20,"msg":"Processed: \u001b[35msource/css/beantech.css\u001b[39m","time":"2019-01-11T07:35:17.440Z","v":0}
{"name":"hexo","hostname":"localhost.localdomain","pid":3582,"level":20,"msg":"Processed: \u001b[35msource/css/beantech.min.css\u001b[39m","time":"2019-01-11T07:35:17.440Z","v":0}
{"name":"hexo","hostname":"localhost.localdomain","pid":3582,"level":20,"msg":"Processed: \u001b[35msource/css/highlight.styl\u001b[39m","time":"2019-01-11T07:35:17.441Z","v":0}
{"name":"hexo","hostname":"localhost.localdomain","pid":3582,"level":20,"msg":"Processed: \u001b[35msource/css/hux-blog.min.css\u001b[39m","time":"2019-01-11T07:35:17.441Z","v":0}
{"name":"hexo","hostname":"localhost.localdomain","pid":3582,"level":20,"msg":"Processed: \u001b[35msource/css/rocket.styl\u001b[39m","time":"2019-01-11T07:35:17.442Z","v":0}
{"name":"hexo","hostname":"localhost.localdomain","pid":3582,"level":20,"msg":"Processed: \u001b[35msource/css/signature.styl\u001b[39m","time":"2019-01-11T07:35:17.443Z","v":0}
{"name":"hexo","hostname":"localhost.localdomain","pid":3582,"level":20,"msg":"Processed: \u001b[35msource/css/toc.styl\u001b[39m","time":"2019-01-11T07:35:17.449Z","v":0}
{"name":"hexo","hostname":"localhost.localdomain","pid":3582,"level":20,"msg":"Processed: \u001b[35msource/css/widget.styl\u001b[39m","time":"2019-01-11T07:35:17.449Z","v":0}
{"name":"hexo","hostname":"localhost.localdomain","pid":3582,"level":20,"msg":"Processed: \u001b[35msource/fonts/glyphicons-halflings-regular.eot\u001b[39m","time":"2019-01-11T07:35:17.450Z","v":0}
{"name":"hexo","hostname":"localhost.localdomain","pid":3582,"level":20,"msg":"Processed: \u001b[35msource/fonts/glyphicons-halflings-regular.ttf\u001b[39m","time":"2019-01-11T07:35:17.450Z","v":0}
{"name":"hexo","hostname":"localhost.localdomain","pid":3582,"level":20,"msg":"Processed: \u001b[35msource/fonts/glyphicons-halflings-regular.woff\u001b[39m","time":"2019-01-11T07:35:17.452Z","v":0}
{"name":"hexo","hostname":"localhost.localdomain","pid":3582,"level":20,"msg":"Processed: \u001b[35msource/fonts/glyphicons-halflings-regular.woff2\u001b[39m","time":"2019-01-11T07:35:17.452Z","v":0}
{"name":"hexo","hostname":"localhost.localdomain","pid":3582,"level":20,"msg":"Processed: \u001b[35msource/js/bootstrap.min.js\u001b[39m","time":"2019-01-11T07:35:17.456Z","v":0}
{"name":"hexo","hostname":"localhost.localdomain","pid":3582,"level":20,"msg":"Processed: \u001b[35msource/js/hux-blog.js\u001b[39m","time":"2019-01-11T07:35:17.457Z","v":0}
{"name":"hexo","hostname":"localhost.localdomain","pid":3582,"level":20,"msg":"Processed: \u001b[35msource/js/hux-blog.min.js\u001b[39m","time":"2019-01-11T07:35:17.469Z","v":0}
{"name":"hexo","hostname":"localhost.localdomain","pid":3582,"level":20,"msg":"Theme config loaded.","time":"2019-01-11T07:35:17.492Z","v":0}
{"name":"hexo","hostname":"localhost.localdomain","pid":3582,"level":20,"msg":"Processed: \u001b[35m_config.yml\u001b[39m","time":"2019-01-11T07:35:17.500Z","v":0}
{"name":"hexo","hostname":"localhost.localdomain","pid":3582,"level":20,"msg":"Processed: \u001b[35mimg/header_img/Iron-Man-3.jpg\u001b[39m","time":"2019-01-11T07:35:17.500Z","v":0}
{"name":"hexo","hostname":"localhost.localdomain","pid":3582,"level":20,"msg":"Processed: \u001b[35mimg/ironman-draw.png\u001b[39m","time":"2019-01-11T07:35:17.500Z","v":0}
{"name":"hexo","hostname":"localhost.localdomain","pid":3582,"level":20,"msg":"Processed: \u001b[35msource/js/jquery.nav.js\u001b[39m","time":"2019-01-11T07:35:17.500Z","v":0}
{"name":"hexo","hostname":"localhost.localdomain","pid":3582,"level":20,"msg":"Processed: \u001b[35msource/js/jquery.tagcloud.js\u001b[39m","time":"2019-01-11T07:35:17.501Z","v":0}
{"name":"hexo","hostname":"localhost.localdomain","pid":3582,"level":20,"msg":"Processed: \u001b[35msource/js/toc.js\u001b[39m","time":"2019-01-11T07:35:17.501Z","v":0}
{"name":"hexo","hostname":"localhost.localdomain","pid":3582,"level":20,"msg":"Processed: \u001b[35msource/js/totop.js\u001b[39m","time":"2019-01-11T07:35:17.502Z","v":0}
{"name":"hexo","hostname":"localhost.localdomain","pid":3582,"level":20,"msg":"Processed: \u001b[35msource/css/bootstrap.min.css\u001b[39m","time":"2019-01-11T07:35:17.502Z","v":0}
{"name":"hexo","hostname":"localhost.localdomain","pid":3582,"level":20,"msg":"Processed: \u001b[35msource/fonts/glyphicons-halflings-regular.svg\u001b[39m","time":"2019-01-11T07:35:17.502Z","v":0}
{"name":"hexo","hostname":"localhost.localdomain","pid":3582,"level":20,"msg":"Processed: \u001b[35msource/js/bootstrap.js\u001b[39m","time":"2019-01-11T07:35:17.502Z","v":0}
{"name":"hexo","hostname":"localhost.localdomain","pid":3582,"level":20,"msg":"Processed: \u001b[35mlayout/404.ejs\u001b[39m","time":"2019-01-11T07:35:17.519Z","v":0}
{"name":"hexo","hostname":"localhost.localdomain","pid":3582,"level":20,"msg":"Processed: \u001b[35m_posts/hexo-theme-beantech/home_posts_tag-false.png\u001b[39m","time":"2019-01-11T07:35:17.527Z","v":0}
{"name":"hexo","hostname":"localhost.localdomain","pid":3582,"level":20,"msg":"Processed: \u001b[35mimg/contact-bg.jpg\u001b[39m","time":"2019-01-11T07:35:17.528Z","v":0}
{"name":"hexo","hostname":"localhost.localdomain","pid":3582,"level":20,"msg":"Processed: \u001b[35mimg/signature/BeanTechSign-white.png\u001b[39m","time":"2019-01-11T07:35:17.528Z","v":0}
{"name":"hexo","hostname":"localhost.localdomain","pid":3582,"level":20,"msg":"Processed: \u001b[35msource/js/jquery.min.js\u001b[39m","time":"2019-01-11T07:35:17.528Z","v":0}
{"name":"hexo","hostname":"localhost.localdomain","pid":3582,"level":20,"msg":"Processed: \u001b[35msource/css/bootstrap.css\u001b[39m","time":"2019-01-11T07:35:17.529Z","v":0}
{"name":"hexo","hostname":"localhost.localdomain","pid":3582,"level":20,"msg":"Processed: \u001b[35msource/css/images/ironman.png\u001b[39m","time":"2019-01-11T07:35:17.529Z","v":0}
{"name":"hexo","hostname":"localhost.localdomain","pid":3582,"level":20,"msg":"Processed: \u001b[35msource/css/images/rocket.png\u001b[39m","time":"2019-01-11T07:35:17.529Z","v":0}
{"name":"hexo","hostname":"localhost.localdomain","pid":3582,"level":20,"msg":"Processed: \u001b[35mlayout/about.ejs\u001b[39m","time":"2019-01-11T07:35:17.565Z","v":0}
{"name":"hexo","hostname":"localhost.localdomain","pid":3582,"level":20,"msg":"Processed: \u001b[35mlayout/archive.ejs\u001b[39m","time":"2019-01-11T07:35:17.566Z","v":0}
{"name":"hexo","hostname":"localhost.localdomain","pid":3582,"level":20,"msg":"Processed: \u001b[35mlayout/index.ejs\u001b[39m","time":"2019-01-11T07:35:17.566Z","v":0}
{"name":"hexo","hostname":"localhost.localdomain","pid":3582,"level":20,"msg":"Processed: \u001b[35mlayout/keynote.ejs\u001b[39m","time":"2019-01-11T07:35:17.566Z","v":0}
{"name":"hexo","hostname":"localhost.localdomain","pid":3582,"level":20,"msg":"Processed: \u001b[35mlayout/layout.ejs\u001b[39m","time":"2019-01-11T07:35:17.566Z","v":0}
{"name":"hexo","hostname":"localhost.localdomain","pid":3582,"level":20,"msg":"Processed: \u001b[35mlayout/page.ejs\u001b[39m","time":"2019-01-11T07:35:17.566Z","v":0}
{"name":"hexo","hostname":"localhost.localdomain","pid":3582,"level":20,"msg":"Processed: \u001b[35mlayout/post.ejs\u001b[39m","time":"2019-01-11T07:35:17.566Z","v":0}
{"name":"hexo","hostname":"localhost.localdomain","pid":3582,"level":20,"msg":"Processed: \u001b[35mlayout/tags.ejs\u001b[39m","time":"2019-01-11T07:35:17.566Z","v":0}
{"name":"hexo","hostname":"localhost.localdomain","pid":3582,"level":20,"msg":"Processed: \u001b[35m_posts/hexo-theme-beantech/home_posts_tag-true.png\u001b[39m","time":"2019-01-11T07:35:17.570Z","v":0}
{"name":"hexo","hostname":"localhost.localdomain","pid":3582,"level":20,"msg":"Processed: \u001b[35mimg/header_img/tf-logo-dark.png\u001b[39m","time":"2019-01-11T07:35:17.570Z","v":0}
{"name":"hexo","hostname":"localhost.localdomain","pid":3582,"level":20,"msg":"Processed: \u001b[35mimg/signature/BeanTechSign-black.png\u001b[39m","time":"2019-01-11T07:35:17.570Z","v":0}
{"name":"hexo","hostname":"localhost.localdomain","pid":3582,"level":20,"msg":"Processed: \u001b[35msource/js/jquery.js\u001b[39m","time":"2019-01-11T07:35:17.571Z","v":0}
{"name":"hexo","hostname":"localhost.localdomain","pid":3582,"level":20,"msg":"Processed: \u001b[35mlayout/_partial/footer.ejs\u001b[39m","time":"2019-01-11T07:35:17.601Z","v":0}
{"name":"hexo","hostname":"localhost.localdomain","pid":3582,"level":20,"msg":"Processed: \u001b[35mlayout/_partial/head.ejs\u001b[39m","time":"2019-01-11T07:35:17.601Z","v":0}
{"name":"hexo","hostname":"localhost.localdomain","pid":3582,"level":20,"msg":"Processed: \u001b[35mlayout/_partial/header.ejs\u001b[39m","time":"2019-01-11T07:35:17.603Z","v":0}
{"name":"hexo","hostname":"localhost.localdomain","pid":3582,"level":20,"msg":"Processed: \u001b[35mlayout/_partial/nav.ejs\u001b[39m","time":"2019-01-11T07:35:17.603Z","v":0}
{"name":"hexo","hostname":"localhost.localdomain","pid":3582,"level":20,"msg":"Processed: \u001b[35mlayout/_partial/pagination.ejs\u001b[39m","time":"2019-01-11T07:35:17.603Z","v":0}
{"name":"hexo","hostname":"localhost.localdomain","pid":3582,"level":20,"msg":"Processed: \u001b[35mlayout/_partial/sidebar.ejs\u001b[39m","time":"2019-01-11T07:35:17.603Z","v":0}
{"name":"hexo","hostname":"localhost.localdomain","pid":3582,"level":20,"msg":"Processed: \u001b[35mlayout/_partial/toc.ejs\u001b[39m","time":"2019-01-11T07:35:17.603Z","v":0}
{"name":"hexo","hostname":"localhost.localdomain","pid":3582,"level":20,"msg":"Processed: \u001b[35mlayout/_widget/archive.ejs\u001b[39m","time":"2019-01-11T07:35:17.603Z","v":0}
{"name":"hexo","hostname":"localhost.localdomain","pid":3582,"level":20,"msg":"Processed: \u001b[35mlayout/_widget/category.ejs\u001b[39m","time":"2019-01-11T07:35:17.603Z","v":0}
{"name":"hexo","hostname":"localhost.localdomain","pid":3582,"level":20,"msg":"Processed: \u001b[35mlayout/_widget/featured-tags.ejs\u001b[39m","time":"2019-01-11T07:35:17.603Z","v":0}
{"name":"hexo","hostname":"localhost.localdomain","pid":3582,"level":20,"msg":"Processed: \u001b[35mlayout/_widget/friends-blog.ejs\u001b[39m","time":"2019-01-11T07:35:17.603Z","v":0}
{"name":"hexo","hostname":"localhost.localdomain","pid":3582,"level":20,"msg":"Processed: \u001b[35mlayout/_widget/recent-posts.ejs\u001b[39m","time":"2019-01-11T07:35:17.605Z","v":0}
{"name":"hexo","hostname":"localhost.localdomain","pid":3582,"level":20,"msg":"Processed: \u001b[35mlayout/_widget/short-about.ejs\u001b[39m","time":"2019-01-11T07:35:17.606Z","v":0}
{"name":"hexo","hostname":"localhost.localdomain","pid":3582,"level":20,"msg":"Processed: \u001b[35mimg/beantech-desktop.png\u001b[39m","time":"2019-01-11T07:35:17.695Z","v":0}
{"name":"hexo","hostname":"localhost.localdomain","pid":3582,"level":20,"msg":"Processed: \u001b[35mimg/header_img/tag-bg.png\u001b[39m","time":"2019-01-11T07:35:17.697Z","v":0}
{"name":"hexo","hostname":"localhost.localdomain","pid":3582,"level":20,"msg":"Processed: \u001b[35m_posts/hexo-theme-beantech/Demo.png\u001b[39m","time":"2019-01-11T07:35:17.704Z","v":0}
{"name":"hexo","hostname":"localhost.localdomain","pid":3582,"level":20,"msg":"Processed: \u001b[35mimg/header_img/home-bg-o.png\u001b[39m","time":"2019-01-11T07:35:17.721Z","v":0}
{"name":"hexo","hostname":"localhost.localdomain","pid":3582,"level":20,"msg":"Processed: \u001b[35mimg/header_img/home-bg-2-dark.png\u001b[39m","time":"2019-01-11T07:35:17.724Z","v":0}
{"name":"hexo","hostname":"localhost.localdomain","pid":3582,"level":20,"msg":"Processed: \u001b[35mimg/header_img/archive-bg.png\u001b[39m","time":"2019-01-11T07:35:17.727Z","v":0}
{"name":"hexo","hostname":"localhost.localdomain","pid":3582,"level":20,"msg":"Generator: \u001b[35mpage\u001b[39m","time":"2019-01-11T07:35:17.786Z","v":0}
{"name":"hexo","hostname":"localhost.localdomain","pid":3582,"level":20,"msg":"Generator: \u001b[35mpost\u001b[39m","time":"2019-01-11T07:35:17.786Z","v":0}
{"name":"hexo","hostname":"localhost.localdomain","pid":3582,"level":20,"msg":"Generator: \u001b[35marchive\u001b[39m","time":"2019-01-11T07:35:17.786Z","v":0}
{"name":"hexo","hostname":"localhost.localdomain","pid":3582,"level":20,"msg":"Generator: \u001b[35mcategory\u001b[39m","time":"2019-01-11T07:35:17.786Z","v":0}
{"name":"hexo","hostname":"localhost.localdomain","pid":3582,"level":20,"msg":"Generator: \u001b[35mindex\u001b[39m","time":"2019-01-11T07:35:17.786Z","v":0}
{"name":"hexo","hostname":"localhost.localdomain","pid":3582,"level":20,"msg":"Generator: \u001b[35mtag\u001b[39m","time":"2019-01-11T07:35:17.786Z","v":0}
{"name":"hexo","hostname":"localhost.localdomain","pid":3582,"level":20,"msg":"Generator: \u001b[35masset\u001b[39m","time":"2019-01-11T07:35:17.790Z","v":0}
{"name":"hexo","hostname":"localhost.localdomain","pid":3582,"level":30,"msg":"Hexo is running at \u001b[4mhttp://localhost:4000\u001b[24m . Press Ctrl+C to stop.","time":"2019-01-11T07:35:17.805Z","v":0}
{"name":"hexo","hostname":"localhost.localdomain","pid":3582,"level":20,"msg":"Database saved","time":"2019-01-11T07:35:17.841Z","v":0}
{"name":"hexo","hostname":"localhost.localdomain","pid":3582,"level":20,"msg":"Processed: \u001b[35m404.md\u001b[39m","time":"2019-01-11T07:36:27.157Z","v":0}
{"name":"hexo","hostname":"localhost.localdomain","pid":3582,"level":20,"msg":"Generator: \u001b[35mpage\u001b[39m","time":"2019-01-11T07:36:27.262Z","v":0}
{"name":"hexo","hostname":"localhost.localdomain","pid":3582,"level":20,"msg":"Generator: \u001b[35mpost\u001b[39m","time":"2019-01-11T07:36:27.262Z","v":0}
{"name":"hexo","hostname":"localhost.localdomain","pid":3582,"level":20,"msg":"Generator: \u001b[35marchive\u001b[39m","time":"2019-01-11T07:36:27.262Z","v":0}
{"name":"hexo","hostname":"localhost.localdomain","pid":3582,"level":20,"msg":"Generator: \u001b[35mcategory\u001b[39m","time":"2019-01-11T07:36:27.262Z","v":0}
{"name":"hexo","hostname":"localhost.localdomain","pid":3582,"level":20,"msg":"Generator: \u001b[35mindex\u001b[39m","time":"2019-01-11T07:36:27.262Z","v":0}
{"name":"hexo","hostname":"localhost.localdomain","pid":3582,"level":20,"msg":"Generator: \u001b[35mtag\u001b[39m","time":"2019-01-11T07:36:27.262Z","v":0}
{"name":"hexo","hostname":"localhost.localdomain","pid":3582,"level":20,"msg":"Generator: \u001b[35masset\u001b[39m","time":"2019-01-11T07:36:27.263Z","v":0}
{"name":"hexo","hostname":"localhost.localdomain","pid":3582,"level":20,"msg":"Processed: \u001b[35mabout/index.md\u001b[39m","time":"2019-01-11T07:36:27.349Z","v":0}
{"name":"hexo","hostname":"localhost.localdomain","pid":3582,"level":20,"msg":"Processed: \u001b[35mabout/index.md\u001b[39m","time":"2019-01-11T07:36:27.404Z","v":0}
{"name":"hexo","hostname":"localhost.localdomain","pid":3582,"level":20,"msg":"Processed: \u001b[35marchive/index.md\u001b[39m","time":"2019-01-11T07:36:27.408Z","v":0}
{"name":"hexo","hostname":"localhost.localdomain","pid":3582,"level":20,"msg":"Processed: \u001b[35mCNAME\u001b[39m","time":"2019-01-11T07:36:27.477Z","v":0}
{"name":"hexo","hostname":"localhost.localdomain","pid":3582,"level":20,"msg":"Generator: \u001b[35mpage\u001b[39m","time":"2019-01-11T07:36:27.582Z","v":0}
{"name":"hexo","hostname":"localhost.localdomain","pid":3582,"level":20,"msg":"Generator: \u001b[35mpost\u001b[39m","time":"2019-01-11T07:36:27.582Z","v":0}
{"name":"hexo","hostname":"localhost.localdomain","pid":3582,"level":20,"msg":"Generator: \u001b[35marchive\u001b[39m","time":"2019-01-11T07:36:27.582Z","v":0}
{"name":"hexo","hostname":"localhost.localdomain","pid":3582,"level":20,"msg":"Generator: \u001b[35mcategory\u001b[39m","time":"2019-01-11T07:36:27.582Z","v":0}
{"name":"hexo","hostname":"localhost.localdomain","pid":3582,"level":20,"msg":"Generator: \u001b[35mindex\u001b[39m","time":"2019-01-11T07:36:27.582Z","v":0}
{"name":"hexo","hostname":"localhost.localdomain","pid":3582,"level":20,"msg":"Generator: \u001b[35mtag\u001b[39m","time":"2019-01-11T07:36:27.582Z","v":0}
{"name":"hexo","hostname":"localhost.localdomain","pid":3582,"level":20,"msg":"Generator: \u001b[35masset\u001b[39m","time":"2019-01-11T07:36:27.588Z","v":0}
{"name":"hexo","hostname":"localhost.localdomain","pid":3582,"level":20,"msg":"Processed: \u001b[35mimg/404-bg.jpg\u001b[39m","time":"2019-01-11T07:36:27.636Z","v":0}
{"name":"hexo","hostname":"localhost.localdomain","pid":3582,"level":20,"msg":"Processed: \u001b[35mimg/beantech-desktop.png\u001b[39m","time":"2019-01-11T07:36:27.668Z","v":0}
{"name":"hexo","hostname":"localhost.localdomain","pid":3582,"level":20,"msg":"Processed: \u001b[35mimg/beantech-desktop.png\u001b[39m","time":"2019-01-11T07:36:27.727Z","v":0}
{"name":"hexo","hostname":"localhost.localdomain","pid":3582,"level":20,"msg":"Processed: \u001b[35mimg/contact-bg.jpg\u001b[39m","time":"2019-01-11T07:36:27.742Z","v":0}
{"name":"hexo","hostname":"localhost.localdomain","pid":3582,"level":20,"msg":"Generator: \u001b[35mpage\u001b[39m","time":"2019-01-11T07:36:27.863Z","v":0}
{"name":"hexo","hostname":"localhost.localdomain","pid":3582,"level":20,"msg":"Generator: \u001b[35mpost\u001b[39m","time":"2019-01-11T07:36:27.863Z","v":0}
{"name":"hexo","hostname":"localhost.localdomain","pid":3582,"level":20,"msg":"Generator: \u001b[35marchive\u001b[39m","time":"2019-01-11T07:36:27.863Z","v":0}
{"name":"hexo","hostname":"localhost.localdomain","pid":3582,"level":20,"msg":"Generator: \u001b[35mcategory\u001b[39m","time":"2019-01-11T07:36:27.863Z","v":0}
{"name":"hexo","hostname":"localhost.localdomain","pid":3582,"level":20,"msg":"Generator: \u001b[35mindex\u001b[39m","time":"2019-01-11T07:36:27.863Z","v":0}
{"name":"hexo","hostname":"localhost.localdomain","pid":3582,"level":20,"msg":"Generator: \u001b[35mtag\u001b[39m","time":"2019-01-11T07:36:27.863Z","v":0}
{"name":"hexo","hostname":"localhost.localdomain","pid":3582,"level":20,"msg":"Generator: \u001b[35masset\u001b[39m","time":"2019-01-11T07:36:27.866Z","v":0}
{"name":"hexo","hostname":"localhost.localdomain","pid":3582,"level":20,"msg":"Processed: \u001b[35mimg/beantech-desktop.png\u001b[39m","time":"2019-01-11T07:36:28.069Z","v":0}
{"name":"hexo","hostname":"localhost.localdomain","pid":3582,"level":20,"msg":"Processed: \u001b[35mimg/icon_wechat.png\u001b[39m","time":"2019-01-11T07:36:28.143Z","v":0}
{"name":"hexo","hostname":"localhost.localdomain","pid":3582,"level":20,"msg":"Processed: \u001b[35mimg/header_img/archive-bg.png\u001b[39m","time":"2019-01-11T07:36:28.205Z","v":0}
{"name":"hexo","hostname":"localhost.localdomain","pid":3582,"level":20,"msg":"Processed: \u001b[35mimg/header_img/home-bg-2-dark.png\u001b[39m","time":"2019-01-11T07:36:28.266Z","v":0}
{"name":"hexo","hostname":"localhost.localdomain","pid":3582,"level":20,"msg":"Processed: \u001b[35mimg/header_img/archive-bg.png\u001b[39m","time":"2019-01-11T07:36:28.277Z","v":0}
{"name":"hexo","hostname":"localhost.localdomain","pid":3582,"level":20,"msg":"Processed: \u001b[35mimg/header_img/home-bg-2-dark.png\u001b[39m","time":"2019-01-11T07:36:28.325Z","v":0}
{"name":"hexo","hostname":"localhost.localdomain","pid":3582,"level":20,"msg":"Processed: \u001b[35mimg/header_img/archive-bg.png\u001b[39m","time":"2019-01-11T07:36:28.329Z","v":0}
{"name":"hexo","hostname":"localhost.localdomain","pid":3582,"level":20,"msg":"Processed: \u001b[35mimg/header_img/home-bg-o.png\u001b[39m","time":"2019-01-11T07:36:28.403Z","v":0}
{"name":"hexo","hostname":"localhost.localdomain","pid":3582,"level":20,"msg":"Processed: \u001b[35mimg/header_img/Iron-Man-3.jpg\u001b[39m","time":"2019-01-11T07:36:28.473Z","v":0}
{"name":"hexo","hostname":"localhost.localdomain","pid":3582,"level":20,"msg":"Processed: \u001b[35mimg/header_img/home-bg-o.png\u001b[39m","time":"2019-01-11T07:36:28.476Z","v":0}
{"name":"hexo","hostname":"localhost.localdomain","pid":3582,"level":20,"msg":"Processed: \u001b[35mimg/header_img/tag-bg.png\u001b[39m","time":"2019-01-11T07:36:28.564Z","v":0}
{"name":"hexo","hostname":"localhost.localdomain","pid":3582,"level":20,"msg":"Processed: \u001b[35mimg/header_img/tf-logo-dark.png\u001b[39m","time":"2019-01-11T07:36:28.590Z","v":0}
{"name":"hexo","hostname":"localhost.localdomain","pid":3582,"level":20,"msg":"Processed: \u001b[35mimg/header_img/tag-bg.png\u001b[39m","time":"2019-01-11T07:36:28.618Z","v":0}
{"name":"hexo","hostname":"localhost.localdomain","pid":3582,"level":20,"msg":"Processed: \u001b[35mimg/ironman-draw.png\u001b[39m","time":"2019-01-11T07:36:28.670Z","v":0}
{"name":"hexo","hostname":"localhost.localdomain","pid":3582,"level":20,"msg":"Processed: \u001b[35mtags/index.md\u001b[39m","time":"2019-01-11T07:36:28.749Z","v":0}
{"name":"hexo","hostname":"localhost.localdomain","pid":3582,"level":20,"msg":"Processed: \u001b[35mimg/signature/BeanTechSign-black.png\u001b[39m","time":"2019-01-11T07:36:28.800Z","v":0}
{"name":"hexo","hostname":"localhost.localdomain","pid":3582,"level":20,"msg":"Processed: \u001b[35mimg/signature/BeanTechSign-white.png\u001b[39m","time":"2019-01-11T07:36:28.826Z","v":0}
{"name":"hexo","hostname":"localhost.localdomain","pid":3582,"level":20,"msg":"Generator: \u001b[35mpage\u001b[39m","time":"2019-01-11T07:36:28.931Z","v":0}
{"name":"hexo","hostname":"localhost.localdomain","pid":3582,"level":20,"msg":"Generator: \u001b[35mpost\u001b[39m","time":"2019-01-11T07:36:28.931Z","v":0}
{"name":"hexo","hostname":"localhost.localdomain","pid":3582,"level":20,"msg":"Generator: \u001b[35marchive\u001b[39m","time":"2019-01-11T07:36:28.931Z","v":0}
{"name":"hexo","hostname":"localhost.localdomain","pid":3582,"level":20,"msg":"Generator: \u001b[35mcategory\u001b[39m","time":"2019-01-11T07:36:28.931Z","v":0}
{"name":"hexo","hostname":"localhost.localdomain","pid":3582,"level":20,"msg":"Generator: \u001b[35mindex\u001b[39m","time":"2019-01-11T07:36:28.931Z","v":0}
{"name":"hexo","hostname":"localhost.localdomain","pid":3582,"level":20,"msg":"Generator: \u001b[35mtag\u001b[39m","time":"2019-01-11T07:36:28.931Z","v":0}
{"name":"hexo","hostname":"localhost.localdomain","pid":3582,"level":20,"msg":"Generator: \u001b[35masset\u001b[39m","time":"2019-01-11T07:36:28.934Z","v":0}
{"name":"hexo","hostname":"localhost.localdomain","pid":3582,"level":20,"msg":"Processed: \u001b[35m_posts/hexo-theme-beantech.md\u001b[39m","time":"2019-01-11T07:36:29.058Z","v":0}
{"name":"hexo","hostname":"localhost.localdomain","pid":3582,"level":20,"msg":"Processed: \u001b[35m_posts/hexo-theme-beantech/Demo.png\u001b[39m","time":"2019-01-11T07:36:29.110Z","v":0}
{"name":"hexo","hostname":"localhost.localdomain","pid":3582,"level":20,"msg":"Processed: \u001b[35m_posts/hexo-theme-beantech/Demo.png\u001b[39m","time":"2019-01-11T07:36:29.176Z","v":0}
{"name":"hexo","hostname":"localhost.localdomain","pid":3582,"level":20,"msg":"Processed: \u001b[35m_posts/hexo-theme-beantech/home_posts_tag-false.png\u001b[39m","time":"2019-01-11T07:36:29.182Z","v":0}
{"name":"hexo","hostname":"localhost.localdomain","pid":3582,"level":20,"msg":"Processed: \u001b[35m_posts/hexo-theme-beantech/Demo.png\u001b[39m","time":"2019-01-11T07:36:29.236Z","v":0}
{"name":"hexo","hostname":"localhost.localdomain","pid":3582,"level":20,"msg":"Processed: \u001b[35m_posts/hexo-theme-beantech/home_posts_tag-false.png\u001b[39m","time":"2019-01-11T07:36:29.236Z","v":0}
{"name":"hexo","hostname":"localhost.localdomain","pid":3582,"level":20,"msg":"Processed: \u001b[35m_posts/hexo-theme-beantech/home_posts_tag-true.png\u001b[39m","time":"2019-01-11T07:36:29.282Z","v":0}
{"name":"hexo","hostname":"localhost.localdomain","pid":3582,"level":20,"msg":"Generator: \u001b[35mpage\u001b[39m","time":"2019-01-11T07:36:29.388Z","v":0}
{"name":"hexo","hostname":"localhost.localdomain","pid":3582,"level":20,"msg":"Generator: \u001b[35mpost\u001b[39m","time":"2019-01-11T07:36:29.388Z","v":0}
{"name":"hexo","hostname":"localhost.localdomain","pid":3582,"level":20,"msg":"Generator: \u001b[35marchive\u001b[39m","time":"2019-01-11T07:36:29.388Z","v":0}
{"name":"hexo","hostname":"localhost.localdomain","pid":3582,"level":20,"msg":"Generator: \u001b[35mcategory\u001b[39m","time":"2019-01-11T07:36:29.388Z","v":0}
{"name":"hexo","hostname":"localhost.localdomain","pid":3582,"level":20,"msg":"Generator: \u001b[35mindex\u001b[39m","time":"2019-01-11T07:36:29.388Z","v":0}
{"name":"hexo","hostname":"localhost.localdomain","pid":3582,"level":20,"msg":"Generator: \u001b[35mtag\u001b[39m","time":"2019-01-11T07:36:29.388Z","v":0}
{"name":"hexo","hostname":"localhost.localdomain","pid":3582,"level":20,"msg":"Generator: \u001b[35masset\u001b[39m","time":"2019-01-11T07:36:29.391Z","v":0}
{"name":"hexo","hostname":"localhost.localdomain","pid":3582,"level":20,"msg":"Processed: \u001b[35mlayout/404.ejs\u001b[39m","time":"2019-01-11T07:36:29.937Z","v":0}
{"name":"hexo","hostname":"localhost.localdomain","pid":3582,"level":20,"msg":"Processed: \u001b[35mlayout/about.ejs\u001b[39m","time":"2019-01-11T07:36:29.998Z","v":0}
{"name":"hexo","hostname":"localhost.localdomain","pid":3582,"level":20,"msg":"Processed: \u001b[35mlayout/archive.ejs\u001b[39m","time":"2019-01-11T07:36:30.048Z","v":0}
{"name":"hexo","hostname":"localhost.localdomain","pid":3582,"level":20,"msg":"Processed: \u001b[35mlayout/index.ejs\u001b[39m","time":"2019-01-11T07:36:30.110Z","v":0}
{"name":"hexo","hostname":"localhost.localdomain","pid":3582,"level":20,"msg":"Processed: \u001b[35mlayout/keynote.ejs\u001b[39m","time":"2019-01-11T07:36:30.159Z","v":0}
{"name":"hexo","hostname":"localhost.localdomain","pid":3582,"level":20,"msg":"Processed: \u001b[35mlayout/layout.ejs\u001b[39m","time":"2019-01-11T07:36:30.213Z","v":0}
{"name":"hexo","hostname":"localhost.localdomain","pid":3582,"level":20,"msg":"Processed: \u001b[35mlayout/page.ejs\u001b[39m","time":"2019-01-11T07:36:30.262Z","v":0}
{"name":"hexo","hostname":"localhost.localdomain","pid":3582,"level":20,"msg":"Processed: \u001b[35mlayout/post.ejs\u001b[39m","time":"2019-01-11T07:36:30.317Z","v":0}
{"name":"hexo","hostname":"localhost.localdomain","pid":3582,"level":20,"msg":"Processed: \u001b[35mlayout/tags.ejs\u001b[39m","time":"2019-01-11T07:36:30.364Z","v":0}
{"name":"hexo","hostname":"localhost.localdomain","pid":3582,"level":20,"msg":"Generator: \u001b[35mpage\u001b[39m","time":"2019-01-11T07:36:30.467Z","v":0}
{"name":"hexo","hostname":"localhost.localdomain","pid":3582,"level":20,"msg":"Generator: \u001b[35mpost\u001b[39m","time":"2019-01-11T07:36:30.467Z","v":0}
{"name":"hexo","hostname":"localhost.localdomain","pid":3582,"level":20,"msg":"Generator: \u001b[35marchive\u001b[39m","time":"2019-01-11T07:36:30.467Z","v":0}
{"name":"hexo","hostname":"localhost.localdomain","pid":3582,"level":20,"msg":"Generator: \u001b[35mcategory\u001b[39m","time":"2019-01-11T07:36:30.467Z","v":0}
{"name":"hexo","hostname":"localhost.localdomain","pid":3582,"level":20,"msg":"Generator: \u001b[35mindex\u001b[39m","time":"2019-01-11T07:36:30.467Z","v":0}
{"name":"hexo","hostname":"localhost.localdomain","pid":3582,"level":20,"msg":"Generator: \u001b[35mtag\u001b[39m","time":"2019-01-11T07:36:30.467Z","v":0}
{"name":"hexo","hostname":"localhost.localdomain","pid":3582,"level":20,"msg":"Generator: \u001b[35masset\u001b[39m","time":"2019-01-11T07:36:30.470Z","v":0}
{"name":"hexo","hostname":"localhost.localdomain","pid":3582,"level":20,"msg":"Processed: \u001b[35mlayout/_partial/footer.ejs\u001b[39m","time":"2019-01-11T07:36:30.541Z","v":0}
{"name":"hexo","hostname":"localhost.localdomain","pid":3582,"level":20,"msg":"Processed: \u001b[35mlayout/_partial/head.ejs\u001b[39m","time":"2019-01-11T07:36:30.590Z","v":0}
{"name":"hexo","hostname":"localhost.localdomain","pid":3582,"level":20,"msg":"Processed: \u001b[35mlayout/_partial/header.ejs\u001b[39m","time":"2019-01-11T07:36:30.651Z","v":0}
{"name":"hexo","hostname":"localhost.localdomain","pid":3582,"level":20,"msg":"Processed: \u001b[35mlayout/_partial/nav.ejs\u001b[39m","time":"2019-01-11T07:36:30.700Z","v":0}
{"name":"hexo","hostname":"localhost.localdomain","pid":3582,"level":20,"msg":"Processed: \u001b[35mlayout/_partial/pagination.ejs\u001b[39m","time":"2019-01-11T07:36:30.764Z","v":0}
{"name":"hexo","hostname":"localhost.localdomain","pid":3582,"level":20,"msg":"Processed: \u001b[35mlayout/_partial/sidebar.ejs\u001b[39m","time":"2019-01-11T07:36:30.808Z","v":0}
{"name":"hexo","hostname":"localhost.localdomain","pid":3582,"level":20,"msg":"Processed: \u001b[35mlayout/_partial/toc.ejs\u001b[39m","time":"2019-01-11T07:36:30.865Z","v":0}
{"name":"hexo","hostname":"localhost.localdomain","pid":3582,"level":20,"msg":"Processed: \u001b[35mlayout/_widget/archive.ejs\u001b[39m","time":"2019-01-11T07:36:30.884Z","v":0}
{"name":"hexo","hostname":"localhost.localdomain","pid":3582,"level":20,"msg":"Processed: \u001b[35mlayout/_widget/category.ejs\u001b[39m","time":"2019-01-11T07:36:30.936Z","v":0}
{"name":"hexo","hostname":"localhost.localdomain","pid":3582,"level":20,"msg":"Processed: \u001b[35mlayout/_widget/featured-tags.ejs\u001b[39m","time":"2019-01-11T07:36:31.012Z","v":0}
{"name":"hexo","hostname":"localhost.localdomain","pid":3582,"level":20,"msg":"Processed: \u001b[35mlayout/_widget/friends-blog.ejs\u001b[39m","time":"2019-01-11T07:36:31.061Z","v":0}
{"name":"hexo","hostname":"localhost.localdomain","pid":3582,"level":20,"msg":"Processed: \u001b[35mlayout/_widget/recent-posts.ejs\u001b[39m","time":"2019-01-11T07:36:31.127Z","v":0}
{"name":"hexo","hostname":"localhost.localdomain","pid":3582,"level":20,"msg":"Processed: \u001b[35mlayout/_widget/short-about.ejs\u001b[39m","time":"2019-01-11T07:36:31.148Z","v":0}
{"name":"hexo","hostname":"localhost.localdomain","pid":3582,"level":20,"msg":"Generator: \u001b[35mpage\u001b[39m","time":"2019-01-11T07:36:31.317Z","v":0}
{"name":"hexo","hostname":"localhost.localdomain","pid":3582,"level":20,"msg":"Generator: \u001b[35mpost\u001b[39m","time":"2019-01-11T07:36:31.317Z","v":0}
{"name":"hexo","hostname":"localhost.localdomain","pid":3582,"level":20,"msg":"Generator: \u001b[35marchive\u001b[39m","time":"2019-01-11T07:36:31.318Z","v":0}
{"name":"hexo","hostname":"localhost.localdomain","pid":3582,"level":20,"msg":"Generator: \u001b[35mcategory\u001b[39m","time":"2019-01-11T07:36:31.318Z","v":0}
{"name":"hexo","hostname":"localhost.localdomain","pid":3582,"level":20,"msg":"Generator: \u001b[35mindex\u001b[39m","time":"2019-01-11T07:36:31.318Z","v":0}
{"name":"hexo","hostname":"localhost.localdomain","pid":3582,"level":20,"msg":"Generator: \u001b[35mtag\u001b[39m","time":"2019-01-11T07:36:31.318Z","v":0}
{"name":"hexo","hostname":"localhost.localdomain","pid":3582,"level":20,"msg":"Generator: \u001b[35masset\u001b[39m","time":"2019-01-11T07:36:31.321Z","v":0}
{"name":"hexo","hostname":"localhost.localdomain","pid":3582,"level":20,"msg":"Processed: \u001b[35msource/css/archive.styl\u001b[39m","time":"2019-01-11T07:36:31.342Z","v":0}
{"name":"hexo","hostname":"localhost.localdomain","pid":3582,"level":20,"msg":"Processed: \u001b[35msource/css/beantech.css\u001b[39m","time":"2019-01-11T07:36:31.356Z","v":0}
{"name":"hexo","hostname":"localhost.localdomain","pid":3582,"level":20,"msg":"Processed: \u001b[35msource/css/beantech.min.css\u001b[39m","time":"2019-01-11T07:36:31.424Z","v":0}
{"name":"hexo","hostname":"localhost.localdomain","pid":3582,"level":20,"msg":"Processed: \u001b[35msource/css/bootstrap.css\u001b[39m","time":"2019-01-11T07:36:31.475Z","v":0}
{"name":"hexo","hostname":"localhost.localdomain","pid":3582,"level":20,"msg":"Processed: \u001b[35msource/css/bootstrap.min.css\u001b[39m","time":"2019-01-11T07:36:31.536Z","v":0}
{"name":"hexo","hostname":"localhost.localdomain","pid":3582,"level":20,"msg":"Processed: \u001b[35msource/css/bootstrap.min.css\u001b[39m","time":"2019-01-11T07:36:31.589Z","v":0}
{"name":"hexo","hostname":"localhost.localdomain","pid":3582,"level":20,"msg":"Processed: \u001b[35msource/css/highlight.styl\u001b[39m","time":"2019-01-11T07:36:31.595Z","v":0}
{"name":"hexo","hostname":"localhost.localdomain","pid":3582,"level":20,"msg":"Processed: \u001b[35msource/css/hux-blog.min.css\u001b[39m","time":"2019-01-11T07:36:31.656Z","v":0}
{"name":"hexo","hostname":"localhost.localdomain","pid":3582,"level":20,"msg":"Processed: \u001b[35msource/css/rocket.styl\u001b[39m","time":"2019-01-11T07:36:31.752Z","v":0}
{"name":"hexo","hostname":"localhost.localdomain","pid":3582,"level":20,"msg":"Processed: \u001b[35msource/css/images/ironman.png\u001b[39m","time":"2019-01-11T07:36:31.853Z","v":0}
{"name":"hexo","hostname":"localhost.localdomain","pid":3582,"level":20,"msg":"Processed: \u001b[35msource/css/images/rocket.png\u001b[39m","time":"2019-01-11T07:36:31.915Z","v":0}
{"name":"hexo","hostname":"localhost.localdomain","pid":3582,"level":20,"msg":"Processed: \u001b[35msource/css/images/rocket.png\u001b[39m","time":"2019-01-11T07:36:31.977Z","v":0}
{"name":"hexo","hostname":"localhost.localdomain","pid":3582,"level":20,"msg":"Processed: \u001b[35msource/css/signature.styl\u001b[39m","time":"2019-01-11T07:36:31.980Z","v":0}
{"name":"hexo","hostname":"localhost.localdomain","pid":3582,"level":20,"msg":"Processed: \u001b[35msource/css/toc.styl\u001b[39m","time":"2019-01-11T07:36:32.046Z","v":0}
{"name":"hexo","hostname":"localhost.localdomain","pid":3582,"level":20,"msg":"Processed: \u001b[35msource/css/widget.styl\u001b[39m","time":"2019-01-11T07:36:32.062Z","v":0}
{"name":"hexo","hostname":"localhost.localdomain","pid":3582,"level":20,"msg":"Processed: \u001b[35msource/fonts/glyphicons-halflings-regular.eot\u001b[39m","time":"2019-01-11T07:36:32.122Z","v":0}
{"name":"hexo","hostname":"localhost.localdomain","pid":3582,"level":20,"msg":"Processed: \u001b[35msource/fonts/glyphicons-halflings-regular.eot\u001b[39m","time":"2019-01-11T07:36:32.208Z","v":0}
{"name":"hexo","hostname":"localhost.localdomain","pid":3582,"level":20,"msg":"Processed: \u001b[35msource/fonts/glyphicons-halflings-regular.svg\u001b[39m","time":"2019-01-11T07:36:32.208Z","v":0}
{"name":"hexo","hostname":"localhost.localdomain","pid":3582,"level":20,"msg":"Processed: \u001b[35msource/fonts/glyphicons-halflings-regular.svg\u001b[39m","time":"2019-01-11T07:36:32.244Z","v":0}
{"name":"hexo","hostname":"localhost.localdomain","pid":3582,"level":20,"msg":"Processed: \u001b[35msource/fonts/glyphicons-halflings-regular.ttf\u001b[39m","time":"2019-01-11T07:36:32.252Z","v":0}
{"name":"hexo","hostname":"localhost.localdomain","pid":3582,"level":20,"msg":"Processed: \u001b[35msource/fonts/glyphicons-halflings-regular.ttf\u001b[39m","time":"2019-01-11T07:36:32.306Z","v":0}
{"name":"hexo","hostname":"localhost.localdomain","pid":3582,"level":20,"msg":"Processed: \u001b[35msource/fonts/glyphicons-halflings-regular.woff\u001b[39m","time":"2019-01-11T07:36:32.309Z","v":0}
{"name":"hexo","hostname":"localhost.localdomain","pid":3582,"level":20,"msg":"Processed: \u001b[35msource/fonts/glyphicons-halflings-regular.woff2\u001b[39m","time":"2019-01-11T07:36:32.374Z","v":0}
{"name":"hexo","hostname":"localhost.localdomain","pid":3582,"level":20,"msg":"Processed: \u001b[35msource/fonts/glyphicons-halflings-regular.woff2\u001b[39m","time":"2019-01-11T07:36:32.424Z","v":0}
{"name":"hexo","hostname":"localhost.localdomain","pid":3582,"level":20,"msg":"Theme config loaded.","time":"2019-01-11T07:36:32.487Z","v":0}
{"name":"hexo","hostname":"localhost.localdomain","pid":3582,"level":20,"msg":"Processed: \u001b[35m_config.yml\u001b[39m","time":"2019-01-11T07:36:32.488Z","v":0}
{"name":"hexo","hostname":"localhost.localdomain","pid":3582,"level":20,"msg":"Processed: \u001b[35msource/js/bootstrap.js\u001b[39m","time":"2019-01-11T07:36:32.538Z","v":0}
{"name":"hexo","hostname":"localhost.localdomain","pid":3582,"level":20,"msg":"Processed: \u001b[35msource/js/bootstrap.min.js\u001b[39m","time":"2019-01-11T07:36:32.604Z","v":0}
{"name":"hexo","hostname":"localhost.localdomain","pid":3582,"level":20,"msg":"Processed: \u001b[35msource/js/hux-blog.js\u001b[39m","time":"2019-01-11T07:36:32.609Z","v":0}
{"name":"hexo","hostname":"localhost.localdomain","pid":3582,"level":20,"msg":"Processed: \u001b[35msource/js/hux-blog.min.js\u001b[39m","time":"2019-01-11T07:36:32.683Z","v":0}
{"name":"hexo","hostname":"localhost.localdomain","pid":3582,"level":20,"msg":"Processed: \u001b[35msource/js/jquery.js\u001b[39m","time":"2019-01-11T07:36:32.686Z","v":0}
{"name":"hexo","hostname":"localhost.localdomain","pid":3582,"level":20,"msg":"Processed: \u001b[35msource/js/jquery.min.js\u001b[39m","time":"2019-01-11T07:36:32.749Z","v":0}
{"name":"hexo","hostname":"localhost.localdomain","pid":3582,"level":20,"msg":"Processed: \u001b[35msource/js/jquery.min.js\u001b[39m","time":"2019-01-11T07:36:32.803Z","v":0}
{"name":"hexo","hostname":"localhost.localdomain","pid":3582,"level":20,"msg":"Processed: \u001b[35msource/js/jquery.nav.js\u001b[39m","time":"2019-01-11T07:36:32.808Z","v":0}
{"name":"hexo","hostname":"localhost.localdomain","pid":3582,"level":20,"msg":"Processed: \u001b[35msource/js/jquery.tagcloud.js\u001b[39m","time":"2019-01-11T07:36:32.875Z","v":0}
{"name":"hexo","hostname":"localhost.localdomain","pid":3582,"level":20,"msg":"Processed: \u001b[35msource/js/toc.js\u001b[39m","time":"2019-01-11T07:36:32.899Z","v":0}
{"name":"hexo","hostname":"localhost.localdomain","pid":3582,"level":20,"msg":"Processed: \u001b[35msource/js/toc.js\u001b[39m","time":"2019-01-11T07:36:32.953Z","v":0}
{"name":"hexo","hostname":"localhost.localdomain","pid":3582,"level":20,"msg":"Processed: \u001b[35msource/js/totop.js\u001b[39m","time":"2019-01-11T07:36:32.955Z","v":0}
{"name":"hexo","hostname":"localhost.localdomain","pid":3582,"level":20,"msg":"Generator: \u001b[35mpage\u001b[39m","time":"2019-01-11T07:36:33.060Z","v":0}
{"name":"hexo","hostname":"localhost.localdomain","pid":3582,"level":20,"msg":"Generator: \u001b[35mpost\u001b[39m","time":"2019-01-11T07:36:33.060Z","v":0}
{"name":"hexo","hostname":"localhost.localdomain","pid":3582,"level":20,"msg":"Generator: \u001b[35marchive\u001b[39m","time":"2019-01-11T07:36:33.060Z","v":0}
{"name":"hexo","hostname":"localhost.localdomain","pid":3582,"level":20,"msg":"Generator: \u001b[35mcategory\u001b[39m","time":"2019-01-11T07:36:33.060Z","v":0}
{"name":"hexo","hostname":"localhost.localdomain","pid":3582,"level":20,"msg":"Generator: \u001b[35mindex\u001b[39m","time":"2019-01-11T07:36:33.060Z","v":0}
{"name":"hexo","hostname":"localhost.localdomain","pid":3582,"level":20,"msg":"Generator: \u001b[35mtag\u001b[39m","time":"2019-01-11T07:36:33.060Z","v":0}
{"name":"hexo","hostname":"localhost.localdomain","pid":3582,"level":20,"msg":"Generator: \u001b[35masset\u001b[39m","time":"2019-01-11T07:36:33.064Z","v":0}
{"name":"hexo","hostname":"localhost.localdomain","pid":3582,"level":30,"msg":"Have a nice day","time":"2019-01-11T07:36:38.183Z","v":0}
{"name":"hexo","hostname":"localhost.localdomain","pid":3582,"level":20,"msg":"Database saved","time":"2019-01-11T07:36:38.211Z","v":0}
